\BOOKMARK [1][-]{section.1}{\376\377\006\057\006\047\006\063\006\052\006\047\006\106\000\040\006\251\006\047\006\061\006\050\006\061\000\040\000\050\000U\000s\000e\000r\000\040\000S\000t\000o\000r\000y\000\051}{}% 1
\BOOKMARK [2][-]{subsection.1.1}{\376\377\006\251\006\047\006\061\006\050\006\061\000\040\006\061\006\043\006\314\040\014\006\057\006\107\006\106\006\057\006\107\000\040\000\050\000V\000o\000t\000e\000r\000\051}{section.1}% 2
\BOOKMARK [3][-]{subsubsection.1.1.1}{\376\377\006\065\006\101\006\055\006\107\000\040\006\110\006\061\006\110\006\057\000\040\006\110\000\040\006\053\006\050\006\052\040\014\006\106\006\047\006\105}{subsection.1.1}% 3
\BOOKMARK [3][-]{subsubsection.1.1.2}{\376\377\006\065\006\101\006\055\006\107\000\040\006\047\006\065\006\104\006\314}{subsection.1.1}% 4
\BOOKMARK [3][-]{subsubsection.1.1.3}{\376\377\006\257\006\047\006\105\000\040\006\047\006\055\006\061\006\047\006\062\000\040\006\107\006\110\006\314\006\052}{subsection.1.1}% 5
\BOOKMARK [3][-]{subsubsection.1.1.4}{\376\377\006\257\006\047\006\105\000\040\006\057\006\061\006\314\006\047\006\101\006\052\000\040\006\052\006\110\006\251\006\106\000\040\006\061\006\043\006\314}{subsection.1.1}% 6
\BOOKMARK [3][-]{subsubsection.1.1.5}{\376\377\006\257\006\047\006\105\000\040\006\047\006\061\006\063\006\047\006\104\000\040\006\052\006\110\006\251\006\106\000\040\006\061\006\043\006\314\000\040\006\314\006\047\000\040\006\050\006\107\000\040\006\065\006\106\006\057\006\110\006\102\000\040\006\047\006\106\006\057\006\047\006\056\006\052\006\106\000\040\006\061\006\043\006\314}{subsection.1.1}% 7
\BOOKMARK [3][-]{subsubsection.1.1.6}{\376\377\006\257\006\047\006\105\000\040\006\105\006\064\006\047\006\107\006\057\006\107\000\040\006\106\006\052\006\047\006\314\006\054}{subsection.1.1}% 8
\BOOKMARK [3][-]{subsubsection.1.1.7}{\376\377\006\257\006\047\006\105\000\040\006\061\006\047\006\063\006\052\006\314\040\014\006\042\006\062\006\105\006\047\006\314\006\314}{subsection.1.1}% 9
\BOOKMARK [2][-]{subsection.1.2}{\376\377\006\105\006\057\006\314\006\061\000\040\006\047\006\106\006\052\006\056\006\047\006\050\006\047\006\052\000\040\000\050\000E\000l\000e\000c\000t\000i\000o\000n\000\040\000A\000d\000m\000i\000n\000\051}{section.1}% 10
\BOOKMARK [3][-]{subsubsection.1.2.1}{\376\377\006\052\006\106\006\070\006\314\006\105\006\047\006\052\000\040\006\047\006\106\006\052\006\056\006\047\006\050\006\047\006\052}{subsection.1.2}% 11
\BOOKMARK [3][-]{subsubsection.1.2.2}{\376\377\006\105\006\057\006\314\006\061\006\314\006\052\000\040\006\105\006\064\006\047\006\061\006\251\006\052\040\014\006\251\006\106\006\106\006\057\040\014\006\257\006\047\006\106\000\040\006\057\006\061\000\040\006\064\006\050\006\251\006\107\000\040\006\050\006\104\006\047\006\251\040\014\006\206\006\314\006\106}{subsection.1.2}% 12
\BOOKMARK [3][-]{subsubsection.1.2.3}{\376\377\006\105\006\057\006\314\006\061\006\314\006\052\000\040\006\176\006\064\006\052\006\314\006\050\006\047\006\106\040\014\006\107\006\047}{subsection.1.2}% 13
\BOOKMARK [3][-]{subsubsection.1.2.4}{\376\377\006\105\006\057\006\314\006\061\006\314\006\052\000\040\006\110\006\050\006\104\006\047\006\257}{subsection.1.2}% 14
\BOOKMARK [3][-]{subsubsection.1.2.5}{\376\377\006\105\006\057\006\314\006\061\006\314\006\052\000\040\006\047\006\061\006\052\006\050\006\047\006\067\000\040\006\050\006\047\000\040\006\063\006\061\006\110\006\061\000\040\006\047\006\061\006\063\006\047\006\104\000\040\006\061\006\105\006\062\000\040\006\176\006\110\006\314\006\047}{subsection.1.2}% 15
\BOOKMARK [3][-]{subsubsection.1.2.6}{\376\377\006\105\006\057\006\314\006\061\006\314\006\052\000\040\006\047\006\061\006\052\006\050\006\047\006\067\000\040\006\050\006\047\000\040\000B\000o\000o\000t\000\040\000N\000o\000d\000e}{subsection.1.2}% 16
\BOOKMARK [3][-]{subsubsection.1.2.7}{\376\377\006\105\006\057\006\314\006\061\006\314\006\052\000\040\006\047\006\061\006\052\006\050\006\047\006\067\000\040\006\050\006\047\000\040\006\063\006\047\006\105\006\047\006\106\006\107\000\040\006\053\006\050\006\052\040\014\006\047\006\055\006\110\006\047\006\104}{subsection.1.2}% 17
\BOOKMARK [3][-]{subsubsection.1.2.8}{\376\377\006\105\006\057\006\314\006\061\006\314\006\052\000\040\006\050\006\056\006\064\000\040\006\251\006\047\006\061\006\050\006\061\006\047\006\106}{subsection.1.2}% 18
\BOOKMARK [3][-]{subsubsection.1.2.9}{\376\377\006\105\006\064\006\047\006\107\006\057\006\107\000\040\006\057\006\101\006\052\006\061\000\040\006\251\006\104\000\040\006\052\006\110\006\062\006\314\006\071\000\040\006\064\006\057\006\107}{subsection.1.2}% 19
\BOOKMARK [2][-]{subsection.1.3}{\376\377\006\052\006\043\006\314\006\314\006\057\006\251\006\106\006\106\006\057\040\014\006\257\006\047\006\106\000\040\006\047\006\053\006\050\006\047\006\052\000\040\006\065\006\104\006\047\006\055\006\314\006\052\000\040\006\057\006\061\000\040\006\064\006\050\006\251\006\107\000\040\006\050\006\104\006\047\006\251\040\014\006\206\006\314\006\106}{section.1}% 20
\BOOKMARK [2][-]{subsection.1.4}{\376\377\000B\000o\000o\000t\000\040\000N\000o\000d\000e}{section.1}% 21
\BOOKMARK [2][-]{subsection.1.5}{\376\377\006\050\006\056\006\064\000\040\006\176\006\064\006\052\006\314\006\050\006\047\006\106\006\314}{section.1}% 22
\BOOKMARK [3][-]{subsubsection.1.5.1}{\376\377\006\176\006\061\006\110\006\101\006\047\006\314\006\104}{subsection.1.5}% 23
\BOOKMARK [3][-]{subsubsection.1.5.2}{\376\377\006\105\006\064\006\047\006\107\006\057\006\107\000\040\006\104\006\314\006\063\006\052\000\040\006\063\006\044\006\047\006\104\006\047\006\052\000\040\006\054\006\057\006\314\006\057}{subsection.1.5}% 24
\BOOKMARK [1][-]{section.2}{\376\377\006\101\006\061\006\042\006\314\006\106\006\057\006\107\006\047}{}% 25
\BOOKMARK [2][-]{subsection.2.1}{\376\377\006\101\006\061\006\042\006\314\006\106\006\057\006\107\006\047\006\314\000\040\006\251\006\047\006\061\006\050\006\061\000\040\006\061\006\043\006\314\040\014\006\057\006\107\006\106\006\057\006\107}{section.2}% 26
\BOOKMARK [3][-]{subsubsection.2.1.1}{\376\377\006\101\006\061\006\042\006\314\006\106\006\057\000\040\006\053\006\050\006\052\040\014\006\106\006\047\006\105}{subsection.2.1}% 27
\BOOKMARK [3][-]{subsubsection.2.1.2}{\376\377\006\101\006\061\006\042\006\314\006\106\006\057\000\040\006\047\006\055\006\061\006\047\006\062\000\040\006\107\006\110\006\314\006\052}{subsection.2.1}% 28
\BOOKMARK [3][-]{subsubsection.2.1.3}{\376\377\006\101\006\061\006\042\006\314\006\106\006\057\000\040\006\057\006\061\006\314\006\047\006\101\006\052\000\040\006\052\006\110\006\251\006\106\000\040\006\061\006\043\006\314}{subsection.2.1}% 29
\BOOKMARK [3][-]{subsubsection.2.1.4}{\376\377\006\101\006\061\006\042\006\314\006\106\006\057\000\040\006\047\006\061\006\063\006\047\006\104\000\040\006\052\006\110\006\251\006\106\000\040\006\061\006\043\006\314\000\040\006\050\006\061\006\047\006\314\000\040\006\050\006\104\006\047\006\251\040\014\006\206\006\314\006\106\000\040\006\314\006\047\000\040\006\050\006\107\000\040\006\065\006\106\006\057\006\110\006\102\000\040\006\047\006\106\006\057\006\047\006\056\006\052\006\106\000\040\006\061\006\043\006\314}{subsection.2.1}% 30
\BOOKMARK [3][-]{subsubsection.2.1.5}{\376\377\006\101\006\061\006\042\006\314\006\106\006\057\000\040\006\105\006\064\006\047\006\107\006\057\006\107\000\040\006\106\006\052\006\047\006\314\006\054\000\040\006\110\000\040\006\047\006\067\006\104\006\047\006\071\006\047\006\052\000\040\006\061\006\047\006\054\006\071\000\040\006\050\006\107\000\040\006\047\006\106\006\052\006\056\006\047\006\050\006\047\006\052}{subsection.2.1}% 31
\BOOKMARK [3][-]{subsubsection.2.1.6}{\376\377\006\101\006\061\006\042\006\314\006\106\006\057\000\040\006\061\006\047\006\063\006\052\006\314\040\014\006\042\006\062\006\105\006\047\006\314\006\314\000\040\006\061\006\043\006\314\000\040\006\251\006\047\006\061\006\050\006\061\000\040\006\057\006\061\000\040\006\047\006\106\006\052\006\056\006\047\006\050\006\047\006\052}{subsection.2.1}% 32
\BOOKMARK [3][-]{subsubsection.2.1.7}{\376\377\006\101\006\061\006\042\006\314\006\106\006\057\000\040\006\057\006\061\006\056\006\110\006\047\006\063\006\052\000\040\006\176\006\064\006\052\006\314\006\050\006\047\006\106\006\314}{subsection.2.1}% 33
\BOOKMARK [2][-]{subsection.2.2}{\376\377\006\101\006\061\006\042\006\314\006\106\006\057\006\107\006\047\006\314\000\040\006\105\006\057\006\314\006\061\006\047\006\106\000\040\006\047\006\106\006\052\006\056\006\047\006\050\006\047\006\052}{section.2}% 34
\BOOKMARK [3][-]{subsubsection.2.2.1}{\376\377\006\101\006\061\006\042\006\314\006\106\006\057\000\040\006\061\006\047\006\107\040\014\006\047\006\106\006\057\006\047\006\062\006\314\000\040\006\110\000\040\006\052\006\106\006\070\006\105\006\314\006\047\006\052\000\040\006\047\006\106\006\052\006\056\006\047\006\050\006\047\006\052}{subsection.2.2}% 35
\BOOKMARK [3][-]{subsubsection.2.2.2}{\376\377\006\101\006\061\006\042\006\314\006\106\006\057\000\040\006\053\006\050\006\052\040\014\006\106\006\047\006\105\000\040\006\061\006\043\006\314\040\014\006\057\006\107\006\106\006\057\006\257\006\047\006\106}{subsection.2.2}% 36
\BOOKMARK [3][-]{subsubsection.2.2.3}{\376\377\006\101\006\061\006\042\006\314\006\106\006\057\000\040\006\047\006\055\006\061\006\047\006\062\000\040\006\107\006\110\006\314\006\052\000\040\006\061\006\043\006\314\040\014\006\057\006\107\006\106\006\057\006\257\006\047\006\106}{subsection.2.2}% 37
\BOOKMARK [3][-]{subsubsection.2.2.4}{\376\377\006\101\006\061\006\042\006\314\006\106\006\057\000\040\006\052\006\110\006\104\006\314\006\057\000\040\006\052\006\110\006\251\006\106\000\040\006\061\006\105\006\062\006\106\006\257\006\047\006\061\006\314\000\040\006\064\006\057\006\107}{subsection.2.2}% 38
\BOOKMARK [3][-]{subsubsection.2.2.5}{\376\377\006\101\006\061\006\042\006\314\006\106\006\057\000\040\006\105\006\064\006\047\006\107\006\057\006\107\000\040\006\106\006\052\006\047\006\314\006\054\000\040\006\047\006\106\006\052\006\056\006\047\006\050\006\047\006\052}{subsection.2.2}% 39
\BOOKMARK [3][-]{subsubsection.2.2.6}{\376\377\006\047\006\061\006\063\006\047\006\104\000\040\006\106\006\052\006\047\006\314\006\054\000\040\006\106\006\107\006\047\006\314\006\314\000\040\006\110\000\040\006\042\006\105\006\047\006\061\006\107\006\047\006\314\000\040\006\105\006\061\006\052\006\050\006\067}{subsection.2.2}% 40
\BOOKMARK [2][-]{subsection.2.3}{\376\377\006\101\006\061\006\042\006\314\006\106\006\057\006\107\006\047\006\314\000\040\006\052\006\043\006\314\006\314\006\057\006\251\006\106\006\106\006\057\040\014\006\257\006\047\006\106\000\040\000P\000O\000A\000\040\006\057\006\061\000\040\006\064\006\050\006\251\006\107\000\040\006\050\006\104\006\047\006\251\040\014\006\206\006\314\006\106}{section.2}% 41
\BOOKMARK [2][-]{subsection.2.4}{\376\377\006\101\006\061\006\042\006\314\006\106\006\057\006\107\006\047\006\314\000\040\000B\000o\000o\000t\000\040\000N\000o\000d\000e}{section.2}% 42
